<?xml version="1.0" encoding="UTF-8"?>
<testng-results skipped="0" failed="1" total="13" passed="12">
  <reporter-output>
    <line>
      <![CDATA[<span style='color: darkblue;font-size: 14px;'><b>Executing Test Case : TC_01_NavigatingtoGDPLpage</b><br></span>]]>
    </line>
    <line>
      <![CDATA[<span style='color: darkblue;font-size: 14px;'>Clicking on Solutions tab<br></span>]]>
    </line>
    <line>
      <![CDATA[<span style='color: darkblue;font-size: 14px;'>clicked on Data Solutions link<br></span>]]>
    </line>
    <line>
      <![CDATA[<span style='color: green;font-size: 14px;'><br>Expected [ http://www.rythmos.com/data-solutions ] : Actual [ http://www.rythmos.com/data-solutions ]<br></span>]]>
    </line>
    <line>
      <![CDATA[<a href="./target/surefire-reports/html/Reports/Screenshot/1506679190003.png">ScreenShot<br/></a>]]>
    </line>
    <line>
      <![CDATA[<span style='color: darkblue;font-size: 14px;'><b>Executing Test Case : validateH2OfDataSolutions</b><br></span>]]>
    </line>
    <line>
      <![CDATA[<span style='color: darkblue;font-size: 14px;'>clicked on Data Solutions H8 text<br></span>]]>
    </line>
    <line>
      <![CDATA[<span style='color: green;font-size: 14px;'><br>Expected [ 55px ] : Actual [ 55px ]<br></span>]]>
    </line>
    <line>
      <![CDATA[<a href="./target/surefire-reports/html/Reports/Screenshot/1506679201068.png">ScreenShot<br/></a>]]>
    </line>
    <line>
      <![CDATA[<span style='color: green;font-size: 14px;'><br>Expected [ rgba(255, 255, 255, 1) ] : Actual [ rgba(255, 255, 255, 1) ]<br></span>]]>
    </line>
    <line>
      <![CDATA[<a href="./target/surefire-reports/html/Reports/Screenshot/1506679201712.png">ScreenShot<br/></a>]]>
    </line>
    <line>
      <![CDATA[<span style='color: green;font-size: 14px;'><br>Expected [ 100 ] : Actual [ 100 ]<br></span>]]>
    </line>
    <line>
      <![CDATA[<a href="./target/surefire-reports/html/Reports/Screenshot/1506679202268.png">ScreenShot<br/></a>]]>
    </line>
    <line>
      <![CDATA[<span style='color: green;font-size: 14px;'><br>Expected [ Lato, sans-serif ] : Actual [ Lato, sans-serif ]<br></span>]]>
    </line>
    <line>
      <![CDATA[<a href="./target/surefire-reports/html/Reports/Screenshot/1506679202852.png">ScreenShot<br/></a>]]>
    </line>
    <line>
      <![CDATA[<span style='color: darkblue;font-size: 14px;'><b>Executing Test Case : validateH8SummaryDataSolutions</b><br></span>]]>
    </line>
    <line>
      <![CDATA[<span style='color: green;font-size: 14px;'><br>Expected [ 24px ] : Actual [ 24px ]<br></span>]]>
    </line>
    <line>
      <![CDATA[<a href="./target/surefire-reports/html/Reports/Screenshot/1506679203501.png">ScreenShot<br/></a>]]>
    </line>
    <line>
      <![CDATA[<span style='color: green;font-size: 14px;'><br>Expected [ rgba(255, 255, 255, 1) ] : Actual [ rgba(255, 255, 255, 1) ]<br></span>]]>
    </line>
    <line>
      <![CDATA[<a href="./target/surefire-reports/html/Reports/Screenshot/1506679204054.png">ScreenShot<br/></a>]]>
    </line>
    <line>
      <![CDATA[<span style='color: green;font-size: 14px;'><br>Expected [ Lato, sans-serif ] : Actual [ Lato, sans-serif ]<br></span>]]>
    </line>
    <line>
      <![CDATA[<a href="./target/surefire-reports/html/Reports/Screenshot/1506679204595.png">ScreenShot<br/></a>]]>
    </line>
    <line>
      <![CDATA[<span style='color: green;font-size: 14px;'><br>Expected [ 300 ] : Actual [ 300 ]<br></span>]]>
    </line>
    <line>
      <![CDATA[<a href="./target/surefire-reports/html/Reports/Screenshot/1506679205148.png">ScreenShot<br/></a>]]>
    </line>
    <line>
      <![CDATA[<span style='color: darkblue;font-size: 14px;'><b>Executing Test Case : validateH8OfDataOverview</b><br></span>]]>
    </line>
    <line>
      <![CDATA[<span style='color: green;font-size: 14px;'><br>Expected [ 30px ] : Actual [ 30px ]<br></span>]]>
    </line>
    <line>
      <![CDATA[<a href="./target/surefire-reports/html/Reports/Screenshot/1506679205714.png">ScreenShot<br/></a>]]>
    </line>
    <line>
      <![CDATA[<span style='color: green;font-size: 14px;'><br>Expected [ 40px ] : Actual [ 40px ]<br></span>]]>
    </line>
    <line>
      <![CDATA[<a href="./target/surefire-reports/html/Reports/Screenshot/1506679206251.png">ScreenShot<br/></a>]]>
    </line>
    <line>
      <![CDATA[<span style='color: green;font-size: 14px;'><br>Expected [ rgba(78, 87, 87, 1) ] : Actual [ rgba(78, 87, 87, 1) ]<br></span>]]>
    </line>
    <line>
      <![CDATA[<a href="./target/surefire-reports/html/Reports/Screenshot/1506679206791.png">ScreenShot<br/></a>]]>
    </line>
    <line>
      <![CDATA[<span style='color: green;font-size: 14px;'><br>Expected [ Lato, sans-serif ] : Actual [ Lato, sans-serif ]<br></span>]]>
    </line>
    <line>
      <![CDATA[<a href="./target/surefire-reports/html/Reports/Screenshot/1506679207329.png">ScreenShot<br/></a>]]>
    </line>
    <line>
      <![CDATA[<span style='color: green;font-size: 14px;'><br>Expected [ 300 ] : Actual [ 300 ]<br></span>]]>
    </line>
    <line>
      <![CDATA[<a href="./target/surefire-reports/html/Reports/Screenshot/1506679207877.png">ScreenShot<br/></a>]]>
    </line>
    <line>
      <![CDATA[<span style='color: darkblue;font-size: 14px;'><b>Executing Test Case : validateH5OfDWH</b><br></span>]]>
    </line>
    <line>
      <![CDATA[<span style='color: green;font-size: 14px;'><br>Expected [ 23px ] : Actual [ 23px ]<br></span>]]>
    </line>
    <line>
      <![CDATA[<a href="./target/surefire-reports/html/Reports/Screenshot/1506679208436.png">ScreenShot<br/></a>]]>
    </line>
    <line>
      <![CDATA[<span style='color: green;font-size: 14px;'><br>Expected [ 26px ] : Actual [ 26px ]<br></span>]]>
    </line>
    <line>
      <![CDATA[<a href="./target/surefire-reports/html/Reports/Screenshot/1506679208967.png">ScreenShot<br/></a>]]>
    </line>
    <line>
      <![CDATA[<span style='color: green;font-size: 14px;'><br>Expected [ rgba(240, 90, 40, 1) ] : Actual [ rgba(240, 90, 40, 1) ]<br></span>]]>
    </line>
    <line>
      <![CDATA[<a href="./target/surefire-reports/html/Reports/Screenshot/1506679209516.png">ScreenShot<br/></a>]]>
    </line>
    <line>
      <![CDATA[<span style='color: green;font-size: 14px;'><br>Expected [ Lato, sans-serif ] : Actual [ Lato, sans-serif ]<br></span>]]>
    </line>
    <line>
      <![CDATA[<a href="./target/surefire-reports/html/Reports/Screenshot/1506679210067.png">ScreenShot<br/></a>]]>
    </line>
    <line>
      <![CDATA[<span style='color: green;font-size: 14px;'><br>Expected [ 300 ] : Actual [ 300 ]<br></span>]]>
    </line>
    <line>
      <![CDATA[<a href="./target/surefire-reports/html/Reports/Screenshot/1506679210614.png">ScreenShot<br/></a>]]>
    </line>
    <line>
      <![CDATA[<span style='color: darkblue;font-size: 14px;'><b>Executing Test Case : validateH5OfAnalytics</b><br></span>]]>
    </line>
    <line>
      <![CDATA[<span style='color: green;font-size: 14px;'><br>Expected [ 23px ] : Actual [ 23px ]<br></span>]]>
    </line>
    <line>
      <![CDATA[<a href="./target/surefire-reports/html/Reports/Screenshot/1506679211171.png">ScreenShot<br/></a>]]>
    </line>
    <line>
      <![CDATA[<span style='color: green;font-size: 14px;'><br>Expected [ 26px ] : Actual [ 26px ]<br></span>]]>
    </line>
    <line>
      <![CDATA[<a href="./target/surefire-reports/html/Reports/Screenshot/1506679211705.png">ScreenShot<br/></a>]]>
    </line>
    <line>
      <![CDATA[<span style='color: green;font-size: 14px;'><br>Expected [ rgba(240, 90, 40, 1) ] : Actual [ rgba(240, 90, 40, 1) ]<br></span>]]>
    </line>
    <line>
      <![CDATA[<a href="./target/surefire-reports/html/Reports/Screenshot/1506679212246.png">ScreenShot<br/></a>]]>
    </line>
    <line>
      <![CDATA[<span style='color: green;font-size: 14px;'><br>Expected [ Lato, sans-serif ] : Actual [ Lato, sans-serif ]<br></span>]]>
    </line>
    <line>
      <![CDATA[<a href="./target/surefire-reports/html/Reports/Screenshot/1506679212793.png">ScreenShot<br/></a>]]>
    </line>
    <line>
      <![CDATA[<span style='color: green;font-size: 14px;'><br>Expected [ 300 ] : Actual [ 300 ]<br></span>]]>
    </line>
    <line>
      <![CDATA[<a href="./target/surefire-reports/html/Reports/Screenshot/1506679213327.png">ScreenShot<br/></a>]]>
    </line>
    <line>
      <![CDATA[<span style='color: darkblue;font-size: 14px;'><b>Executing Test Case : validateH5OfCloud</b><br></span>]]>
    </line>
    <line>
      <![CDATA[<span style='color: green;font-size: 14px;'><br>Expected [ 23px ] : Actual [ 23px ]<br></span>]]>
    </line>
    <line>
      <![CDATA[<a href="./target/surefire-reports/html/Reports/Screenshot/1506679213903.png">ScreenShot<br/></a>]]>
    </line>
    <line>
      <![CDATA[<span style='color: green;font-size: 14px;'><br>Expected [ 26px ] : Actual [ 26px ]<br></span>]]>
    </line>
    <line>
      <![CDATA[<a href="./target/surefire-reports/html/Reports/Screenshot/1506679214442.png">ScreenShot<br/></a>]]>
    </line>
    <line>
      <![CDATA[<span style='color: green;font-size: 14px;'><br>Expected [ rgba(240, 90, 40, 1) ] : Actual [ rgba(240, 90, 40, 1) ]<br></span>]]>
    </line>
    <line>
      <![CDATA[<a href="./target/surefire-reports/html/Reports/Screenshot/1506679214983.png">ScreenShot<br/></a>]]>
    </line>
    <line>
      <![CDATA[<span style='color: green;font-size: 14px;'><br>Expected [ Lato, sans-serif ] : Actual [ Lato, sans-serif ]<br></span>]]>
    </line>
    <line>
      <![CDATA[<a href="./target/surefire-reports/html/Reports/Screenshot/1506679215524.png">ScreenShot<br/></a>]]>
    </line>
    <line>
      <![CDATA[<span style='color: green;font-size: 14px;'><br>Expected [ 300 ] : Actual [ 300 ]<br></span>]]>
    </line>
    <line>
      <![CDATA[<a href="./target/surefire-reports/html/Reports/Screenshot/1506679216087.png">ScreenShot<br/></a>]]>
    </line>
    <line>
      <![CDATA[<span style='color: darkblue;font-size: 14px;'><b>Executing Test Case : validateH5OfSupport</b><br></span>]]>
    </line>
    <line>
      <![CDATA[<span style='color: green;font-size: 14px;'><br>Expected [ 23px ] : Actual [ 23px ]<br></span>]]>
    </line>
    <line>
      <![CDATA[<a href="./target/surefire-reports/html/Reports/Screenshot/1506679216667.png">ScreenShot<br/></a>]]>
    </line>
    <line>
      <![CDATA[<span style='color: green;font-size: 14px;'><br>Expected [ 26px ] : Actual [ 26px ]<br></span>]]>
    </line>
    <line>
      <![CDATA[<a href="./target/surefire-reports/html/Reports/Screenshot/1506679217351.png">ScreenShot<br/></a>]]>
    </line>
    <line>
      <![CDATA[<span style='color: green;font-size: 14px;'><br>Expected [ rgba(240, 90, 40, 1) ] : Actual [ rgba(240, 90, 40, 1) ]<br></span>]]>
    </line>
    <line>
      <![CDATA[<a href="./target/surefire-reports/html/Reports/Screenshot/1506679218010.png">ScreenShot<br/></a>]]>
    </line>
    <line>
      <![CDATA[<span style='color: green;font-size: 14px;'><br>Expected [ Lato, sans-serif ] : Actual [ Lato, sans-serif ]<br></span>]]>
    </line>
    <line>
      <![CDATA[<a href="./target/surefire-reports/html/Reports/Screenshot/1506679218656.png">ScreenShot<br/></a>]]>
    </line>
    <line>
      <![CDATA[<span style='color: green;font-size: 14px;'><br>Expected [ 300 ] : Actual [ 300 ]<br></span>]]>
    </line>
    <line>
      <![CDATA[<a href="./target/surefire-reports/html/Reports/Screenshot/1506679219351.png">ScreenShot<br/></a>]]>
    </line>
    <line>
      <![CDATA[<span style='color: darkblue;font-size: 14px;'><b>Executing Test Case : validateH54OfToolExpertise</b><br></span>]]>
    </line>
    <line>
      <![CDATA[<span style='color: green;font-size: 14px;'><br>Expected [ 25px ] : Actual [ 25px ]<br></span>]]>
    </line>
    <line>
      <![CDATA[<a href="./target/surefire-reports/html/Reports/Screenshot/1506679219963.png">ScreenShot<br/></a>]]>
    </line>
    <line>
      <![CDATA[<span style='color: green;font-size: 14px;'><br>Expected [ 35px ] : Actual [ 35px ]<br></span>]]>
    </line>
    <line>
      <![CDATA[<a href="./target/surefire-reports/html/Reports/Screenshot/1506679220616.png">ScreenShot<br/></a>]]>
    </line>
    <line>
      <![CDATA[<span style='color: green;font-size: 14px;'><br>Expected [ rgba(241, 89, 50, 1) ] : Actual [ rgba(241, 89, 50, 1) ]<br></span>]]>
    </line>
    <line>
      <![CDATA[<a href="./target/surefire-reports/html/Reports/Screenshot/1506679221213.png">ScreenShot<br/></a>]]>
    </line>
    <line>
      <![CDATA[<span style='color: green;font-size: 14px;'><br>Expected [ Lato, sans-serif ] : Actual [ Lato, sans-serif ]<br></span>]]>
    </line>
    <line>
      <![CDATA[<a href="./target/surefire-reports/html/Reports/Screenshot/1506679221766.png">ScreenShot<br/></a>]]>
    </line>
    <line>
      <![CDATA[<span style='color: green;font-size: 14px;'><br>Expected [ 300 ] : Actual [ 300 ]<br></span>]]>
    </line>
    <line>
      <![CDATA[<a href="./target/surefire-reports/html/Reports/Screenshot/1506679222309.png">ScreenShot<br/></a>]]>
    </line>
    <line>
      <![CDATA[<span style='color: darkblue;font-size: 14px;'><b>Executing Test Case : validateIntroOfToolExpertise</b><br></span>]]>
    </line>
    <line>
      <![CDATA[<span style='color: green;font-size: 14px;'><br>Expected [ 20px ] : Actual [ 20px ]<br></span>]]>
    </line>
    <line>
      <![CDATA[<a href="./target/surefire-reports/html/Reports/Screenshot/1506679222881.png">ScreenShot<br/></a>]]>
    </line>
    <line>
      <![CDATA[<span style='color: green;font-size: 14px;'><br>Expected [ 23px ] : Actual [ 23px ]<br></span>]]>
    </line>
    <line>
      <![CDATA[<a href="./target/surefire-reports/html/Reports/Screenshot/1506679223439.png">ScreenShot<br/></a>]]>
    </line>
    <line>
      <![CDATA[<span style='color: green;font-size: 14px;'><br>Expected [ rgba(121, 121, 121, 1) ] : Actual [ rgba(121, 121, 121, 1) ]<br></span>]]>
    </line>
    <line>
      <![CDATA[<a href="./target/surefire-reports/html/Reports/Screenshot/1506679223987.png">ScreenShot<br/></a>]]>
    </line>
    <line>
      <![CDATA[<span style='color: green;font-size: 14px;'><br>Expected [ Lato, sans-serif ] : Actual [ Lato, sans-serif ]<br></span>]]>
    </line>
    <line>
      <![CDATA[<a href="./target/surefire-reports/html/Reports/Screenshot/1506679224526.png">ScreenShot<br/></a>]]>
    </line>
    <line>
      <![CDATA[<span style='color: green;font-size: 14px;'><br>Expected [ 300 ] : Actual [ 300 ]<br></span>]]>
    </line>
    <line>
      <![CDATA[<a href="./target/surefire-reports/html/Reports/Screenshot/1506679225061.png">ScreenShot<br/></a>]]>
    </line>
    <line>
      <![CDATA[<span style='color: darkblue;font-size: 14px;'><b>Executing Test Case : validateGetHelpToday</b><br></span>]]>
    </line>
    <line>
      <![CDATA[<span style='color: green;font-size: 14px;'><br>Expected [ 29px ] : Actual [ 29px ]<br></span>]]>
    </line>
    <line>
      <![CDATA[<a href="./target/surefire-reports/html/Reports/Screenshot/1506679225627.png">ScreenShot<br/></a>]]>
    </line>
    <line>
      <![CDATA[<span style='color: green;font-size: 14px;'><br>Expected [ 23px ] : Actual [ 23px ]<br></span>]]>
    </line>
    <line>
      <![CDATA[<a href="./target/surefire-reports/html/Reports/Screenshot/1506679226179.png">ScreenShot<br/></a>]]>
    </line>
    <line>
      <![CDATA[<span style='color: green;font-size: 14px;'><br>Expected [ rgba(240, 90, 40, 1) ] : Actual [ rgba(240, 90, 40, 1) ]<br></span>]]>
    </line>
    <line>
      <![CDATA[<a href="./target/surefire-reports/html/Reports/Screenshot/1506679226724.png">ScreenShot<br/></a>]]>
    </line>
    <line>
      <![CDATA[<span style='color: green;font-size: 14px;'><br>Expected [ Lato, sans-serif ] : Actual [ Lato, sans-serif ]<br></span>]]>
    </line>
    <line>
      <![CDATA[<a href="./target/surefire-reports/html/Reports/Screenshot/1506679227259.png">ScreenShot<br/></a>]]>
    </line>
    <line>
      <![CDATA[<span style='color: green;font-size: 14px;'><br>Expected [ 300 ] : Actual [ 300 ]<br></span>]]>
    </line>
    <line>
      <![CDATA[<a href="./target/surefire-reports/html/Reports/Screenshot/1506679227800.png">ScreenShot<br/></a>]]>
    </line>
    <line>
      <![CDATA[<span style='color: darkblue;font-size: 14px;'><b>Executing Test Case : validateH3PlatFormExpertise</b><br></span>]]>
    </line>
    <line>
      <![CDATA[<span style='color: green;font-size: 14px;'><br>Expected [ 25px ] : Actual [ 25px ]<br></span>]]>
    </line>
    <line>
      <![CDATA[<a href="./target/surefire-reports/html/Reports/Screenshot/1506679228377.png">ScreenShot<br/></a>]]>
    </line>
    <line>
      <![CDATA[<span style='color: green;font-size: 14px;'><br>Expected [ 35px ] : Actual [ 35px ]<br></span>]]>
    </line>
    <line>
      <![CDATA[<a href="./target/surefire-reports/html/Reports/Screenshot/1506679228924.png">ScreenShot<br/></a>]]>
    </line>
    <line>
      <![CDATA[<span style='color: green;font-size: 14px;'><br>Expected [ rgba(241, 89, 50, 1) ] : Actual [ rgba(241, 89, 50, 1) ]<br></span>]]>
    </line>
    <line>
      <![CDATA[<a href="./target/surefire-reports/html/Reports/Screenshot/1506679229460.png">ScreenShot<br/></a>]]>
    </line>
    <line>
      <![CDATA[<span style='color: green;font-size: 14px;'><br>Expected [ Lato, sans-serif ] : Actual [ Lato, sans-serif ]<br></span>]]>
    </line>
    <line>
      <![CDATA[<a href="./target/surefire-reports/html/Reports/Screenshot/1506679230009.png">ScreenShot<br/></a>]]>
    </line>
    <line>
      <![CDATA[<span style='color: green;font-size: 14px;'><br>Expected [ 300 ] : Actual [ 300 ]<br></span>]]>
    </line>
    <line>
      <![CDATA[<a href="./target/surefire-reports/html/Reports/Screenshot/1506679230559.png">ScreenShot<br/></a>]]>
    </line>
    <line>
      <![CDATA[<span style='color: darkblue;font-size: 14px;'><b>Executing Test Case : validatePlatFormExpertise</b><br></span>]]>
    </line>
    <line>
      <![CDATA[<span style='color: green;font-size: 14px;'><br>Expected [ 14px ] : Actual [ 14px ]<br></span>]]>
    </line>
    <line>
      <![CDATA[<a href="./target/surefire-reports/html/Reports/Screenshot/1506679231128.png">ScreenShot<br/></a>]]>
    </line>
    <line>
      <![CDATA[<span style='color: green;font-size: 14px;'><br>Expected [ 23px ] : Actual [ 23px ]<br></span>]]>
    </line>
    <line>
      <![CDATA[<a href="./target/surefire-reports/html/Reports/Screenshot/1506679231660.png">ScreenShot<br/></a>]]>
    </line>
    <line>
      <![CDATA[<span style='color: red;font-size: 14px;'><b>TEST FAILED<br></span>]]>
    </line>
    <line>
      <![CDATA[<a href="./target/surefire-reports/html/Reports/Screenshot/1506679232201.png">ScreenShot<br/>]]>
    </line>
  </reporter-output>
  <suite name="Default suite" duration-ms="78479" started-at="2017-09-29T09:59:15Z" finished-at="2017-09-29T10:00:33Z">
    <groups>
    </groups>
    <test name="Default test" duration-ms="78479" started-at="2017-09-29T09:59:15Z" finished-at="2017-09-29T10:00:33Z">
      <class name="selenium.framework.rythmos.datasolutions.TS_01_DataSolutions">
        <test-method status="PASS" signature="beforeClass()[pri:0, instance:selenium.framework.rythmos.datasolutions.TS_01_DataSolutions@3fee9989]" name="beforeClass" is-config="true" duration-ms="12048" started-at="2017-09-29T15:29:15Z" finished-at="2017-09-29T15:29:27Z">
          <reporter-output>
          </reporter-output>
        </test-method> <!-- beforeClass -->
        <test-method status="PASS" signature="TC_01_NavigatingtoGDPLpage()[pri:0, instance:selenium.framework.rythmos.datasolutions.TS_01_DataSolutions@3fee9989]" name="TC_01_NavigatingtoGDPLpage" duration-ms="23367" started-at="2017-09-29T15:29:27Z" finished-at="2017-09-29T15:29:50Z">
          <reporter-output>
            <line>
              <![CDATA[<span style='color: darkblue;font-size: 14px;'><b>Executing Test Case : TC_01_NavigatingtoGDPLpage</b><br></span>]]>
            </line>
            <line>
              <![CDATA[<span style='color: darkblue;font-size: 14px;'>Clicking on Solutions tab<br></span>]]>
            </line>
            <line>
              <![CDATA[<span style='color: darkblue;font-size: 14px;'>clicked on Data Solutions link<br></span>]]>
            </line>
            <line>
              <![CDATA[<span style='color: green;font-size: 14px;'><br>Expected [ http://www.rythmos.com/data-solutions ] : Actual [ http://www.rythmos.com/data-solutions ]<br></span>]]>
            </line>
            <line>
              <![CDATA[<a href="./target/surefire-reports/html/Reports/Screenshot/1506679190003.png">ScreenShot<br/></a>]]>
            </line>
          </reporter-output>
        </test-method> <!-- TC_01_NavigatingtoGDPLpage -->
        <test-method status="PASS" signature="beforeMethod()[pri:0, instance:selenium.framework.rythmos.datasolutions.TS_01_DataSolutions@3fee9989]" name="beforeMethod" is-config="true" duration-ms="0" started-at="2017-09-29T15:29:27Z" finished-at="2017-09-29T15:29:27Z">
          <reporter-output>
          </reporter-output>
        </test-method> <!-- beforeMethod -->
        <test-method status="PASS" signature="afterMethod()[pri:0, instance:selenium.framework.rythmos.datasolutions.TS_01_DataSolutions@3fee9989]" name="afterMethod" is-config="true" duration-ms="1" started-at="2017-09-29T15:29:50Z" finished-at="2017-09-29T15:29:50Z">
          <reporter-output>
          </reporter-output>
        </test-method> <!-- afterMethod -->
        <test-method status="PASS" signature="beforeMethod()[pri:0, instance:selenium.framework.rythmos.datasolutions.TS_01_DataSolutions@3fee9989]" name="beforeMethod" is-config="true" duration-ms="0" started-at="2017-09-29T15:29:50Z" finished-at="2017-09-29T15:29:50Z">
          <reporter-output>
          </reporter-output>
        </test-method> <!-- beforeMethod -->
        <test-method status="PASS" signature="validateH2OfDataSolutions()[pri:0, instance:selenium.framework.rythmos.datasolutions.TS_01_DataSolutions@3fee9989]" name="validateH2OfDataSolutions" duration-ms="12595" started-at="2017-09-29T15:29:50Z" finished-at="2017-09-29T15:30:03Z">
          <reporter-output>
            <line>
              <![CDATA[<span style='color: darkblue;font-size: 14px;'><b>Executing Test Case : validateH2OfDataSolutions</b><br></span>]]>
            </line>
            <line>
              <![CDATA[<span style='color: darkblue;font-size: 14px;'>clicked on Data Solutions H8 text<br></span>]]>
            </line>
            <line>
              <![CDATA[<span style='color: green;font-size: 14px;'><br>Expected [ 55px ] : Actual [ 55px ]<br></span>]]>
            </line>
            <line>
              <![CDATA[<a href="./target/surefire-reports/html/Reports/Screenshot/1506679201068.png">ScreenShot<br/></a>]]>
            </line>
            <line>
              <![CDATA[<span style='color: green;font-size: 14px;'><br>Expected [ rgba(255, 255, 255, 1) ] : Actual [ rgba(255, 255, 255, 1) ]<br></span>]]>
            </line>
            <line>
              <![CDATA[<a href="./target/surefire-reports/html/Reports/Screenshot/1506679201712.png">ScreenShot<br/></a>]]>
            </line>
            <line>
              <![CDATA[<span style='color: green;font-size: 14px;'><br>Expected [ 100 ] : Actual [ 100 ]<br></span>]]>
            </line>
            <line>
              <![CDATA[<a href="./target/surefire-reports/html/Reports/Screenshot/1506679202268.png">ScreenShot<br/></a>]]>
            </line>
            <line>
              <![CDATA[<span style='color: green;font-size: 14px;'><br>Expected [ Lato, sans-serif ] : Actual [ Lato, sans-serif ]<br></span>]]>
            </line>
            <line>
              <![CDATA[<a href="./target/surefire-reports/html/Reports/Screenshot/1506679202852.png">ScreenShot<br/></a>]]>
            </line>
          </reporter-output>
        </test-method> <!-- validateH2OfDataSolutions -->
        <test-method status="PASS" signature="afterMethod()[pri:0, instance:selenium.framework.rythmos.datasolutions.TS_01_DataSolutions@3fee9989]" name="afterMethod" is-config="true" duration-ms="0" started-at="2017-09-29T15:30:03Z" finished-at="2017-09-29T15:30:03Z">
          <reporter-output>
          </reporter-output>
        </test-method> <!-- afterMethod -->
        <test-method status="PASS" signature="beforeMethod()[pri:0, instance:selenium.framework.rythmos.datasolutions.TS_01_DataSolutions@3fee9989]" name="beforeMethod" is-config="true" duration-ms="0" started-at="2017-09-29T15:30:03Z" finished-at="2017-09-29T15:30:03Z">
          <reporter-output>
          </reporter-output>
        </test-method> <!-- beforeMethod -->
        <test-method status="PASS" signature="validateH8SummaryDataSolutions()[pri:0, instance:selenium.framework.rythmos.datasolutions.TS_01_DataSolutions@3fee9989]" name="validateH8SummaryDataSolutions" duration-ms="2224" started-at="2017-09-29T15:30:03Z" finished-at="2017-09-29T15:30:05Z">
          <reporter-output>
            <line>
              <![CDATA[<span style='color: darkblue;font-size: 14px;'><b>Executing Test Case : validateH8SummaryDataSolutions</b><br></span>]]>
            </line>
            <line>
              <![CDATA[<span style='color: green;font-size: 14px;'><br>Expected [ 24px ] : Actual [ 24px ]<br></span>]]>
            </line>
            <line>
              <![CDATA[<a href="./target/surefire-reports/html/Reports/Screenshot/1506679203501.png">ScreenShot<br/></a>]]>
            </line>
            <line>
              <![CDATA[<span style='color: green;font-size: 14px;'><br>Expected [ rgba(255, 255, 255, 1) ] : Actual [ rgba(255, 255, 255, 1) ]<br></span>]]>
            </line>
            <line>
              <![CDATA[<a href="./target/surefire-reports/html/Reports/Screenshot/1506679204054.png">ScreenShot<br/></a>]]>
            </line>
            <line>
              <![CDATA[<span style='color: green;font-size: 14px;'><br>Expected [ Lato, sans-serif ] : Actual [ Lato, sans-serif ]<br></span>]]>
            </line>
            <line>
              <![CDATA[<a href="./target/surefire-reports/html/Reports/Screenshot/1506679204595.png">ScreenShot<br/></a>]]>
            </line>
            <line>
              <![CDATA[<span style='color: green;font-size: 14px;'><br>Expected [ 300 ] : Actual [ 300 ]<br></span>]]>
            </line>
            <line>
              <![CDATA[<a href="./target/surefire-reports/html/Reports/Screenshot/1506679205148.png">ScreenShot<br/></a>]]>
            </line>
          </reporter-output>
        </test-method> <!-- validateH8SummaryDataSolutions -->
        <test-method status="PASS" signature="afterMethod()[pri:0, instance:selenium.framework.rythmos.datasolutions.TS_01_DataSolutions@3fee9989]" name="afterMethod" is-config="true" duration-ms="0" started-at="2017-09-29T15:30:05Z" finished-at="2017-09-29T15:30:05Z">
          <reporter-output>
          </reporter-output>
        </test-method> <!-- afterMethod -->
        <test-method status="PASS" signature="validateH8OfDataOverview()[pri:0, instance:selenium.framework.rythmos.datasolutions.TS_01_DataSolutions@3fee9989]" name="validateH8OfDataOverview" duration-ms="2716" started-at="2017-09-29T15:30:05Z" finished-at="2017-09-29T15:30:08Z">
          <reporter-output>
            <line>
              <![CDATA[<span style='color: darkblue;font-size: 14px;'><b>Executing Test Case : validateH8OfDataOverview</b><br></span>]]>
            </line>
            <line>
              <![CDATA[<span style='color: green;font-size: 14px;'><br>Expected [ 30px ] : Actual [ 30px ]<br></span>]]>
            </line>
            <line>
              <![CDATA[<a href="./target/surefire-reports/html/Reports/Screenshot/1506679205714.png">ScreenShot<br/></a>]]>
            </line>
            <line>
              <![CDATA[<span style='color: green;font-size: 14px;'><br>Expected [ 40px ] : Actual [ 40px ]<br></span>]]>
            </line>
            <line>
              <![CDATA[<a href="./target/surefire-reports/html/Reports/Screenshot/1506679206251.png">ScreenShot<br/></a>]]>
            </line>
            <line>
              <![CDATA[<span style='color: green;font-size: 14px;'><br>Expected [ rgba(78, 87, 87, 1) ] : Actual [ rgba(78, 87, 87, 1) ]<br></span>]]>
            </line>
            <line>
              <![CDATA[<a href="./target/surefire-reports/html/Reports/Screenshot/1506679206791.png">ScreenShot<br/></a>]]>
            </line>
            <line>
              <![CDATA[<span style='color: green;font-size: 14px;'><br>Expected [ Lato, sans-serif ] : Actual [ Lato, sans-serif ]<br></span>]]>
            </line>
            <line>
              <![CDATA[<a href="./target/surefire-reports/html/Reports/Screenshot/1506679207329.png">ScreenShot<br/></a>]]>
            </line>
            <line>
              <![CDATA[<span style='color: green;font-size: 14px;'><br>Expected [ 300 ] : Actual [ 300 ]<br></span>]]>
            </line>
            <line>
              <![CDATA[<a href="./target/surefire-reports/html/Reports/Screenshot/1506679207877.png">ScreenShot<br/></a>]]>
            </line>
          </reporter-output>
        </test-method> <!-- validateH8OfDataOverview -->
        <test-method status="PASS" signature="beforeMethod()[pri:0, instance:selenium.framework.rythmos.datasolutions.TS_01_DataSolutions@3fee9989]" name="beforeMethod" is-config="true" duration-ms="0" started-at="2017-09-29T15:30:05Z" finished-at="2017-09-29T15:30:05Z">
          <reporter-output>
          </reporter-output>
        </test-method> <!-- beforeMethod -->
        <test-method status="PASS" signature="afterMethod()[pri:0, instance:selenium.framework.rythmos.datasolutions.TS_01_DataSolutions@3fee9989]" name="afterMethod" is-config="true" duration-ms="0" started-at="2017-09-29T15:30:08Z" finished-at="2017-09-29T15:30:08Z">
          <reporter-output>
          </reporter-output>
        </test-method> <!-- afterMethod -->
        <test-method status="PASS" signature="beforeMethod()[pri:0, instance:selenium.framework.rythmos.datasolutions.TS_01_DataSolutions@3fee9989]" name="beforeMethod" is-config="true" duration-ms="3" started-at="2017-09-29T15:30:08Z" finished-at="2017-09-29T15:30:08Z">
          <reporter-output>
          </reporter-output>
        </test-method> <!-- beforeMethod -->
        <test-method status="PASS" signature="validateH5OfDWH()[pri:0, instance:selenium.framework.rythmos.datasolutions.TS_01_DataSolutions@3fee9989]" name="validateH5OfDWH" duration-ms="2734" started-at="2017-09-29T15:30:08Z" finished-at="2017-09-29T15:30:11Z">
          <reporter-output>
            <line>
              <![CDATA[<span style='color: darkblue;font-size: 14px;'><b>Executing Test Case : validateH5OfDWH</b><br></span>]]>
            </line>
            <line>
              <![CDATA[<span style='color: green;font-size: 14px;'><br>Expected [ 23px ] : Actual [ 23px ]<br></span>]]>
            </line>
            <line>
              <![CDATA[<a href="./target/surefire-reports/html/Reports/Screenshot/1506679208436.png">ScreenShot<br/></a>]]>
            </line>
            <line>
              <![CDATA[<span style='color: green;font-size: 14px;'><br>Expected [ 26px ] : Actual [ 26px ]<br></span>]]>
            </line>
            <line>
              <![CDATA[<a href="./target/surefire-reports/html/Reports/Screenshot/1506679208967.png">ScreenShot<br/></a>]]>
            </line>
            <line>
              <![CDATA[<span style='color: green;font-size: 14px;'><br>Expected [ rgba(240, 90, 40, 1) ] : Actual [ rgba(240, 90, 40, 1) ]<br></span>]]>
            </line>
            <line>
              <![CDATA[<a href="./target/surefire-reports/html/Reports/Screenshot/1506679209516.png">ScreenShot<br/></a>]]>
            </line>
            <line>
              <![CDATA[<span style='color: green;font-size: 14px;'><br>Expected [ Lato, sans-serif ] : Actual [ Lato, sans-serif ]<br></span>]]>
            </line>
            <line>
              <![CDATA[<a href="./target/surefire-reports/html/Reports/Screenshot/1506679210067.png">ScreenShot<br/></a>]]>
            </line>
            <line>
              <![CDATA[<span style='color: green;font-size: 14px;'><br>Expected [ 300 ] : Actual [ 300 ]<br></span>]]>
            </line>
            <line>
              <![CDATA[<a href="./target/surefire-reports/html/Reports/Screenshot/1506679210614.png">ScreenShot<br/></a>]]>
            </line>
          </reporter-output>
        </test-method> <!-- validateH5OfDWH -->
        <test-method status="PASS" signature="afterMethod()[pri:0, instance:selenium.framework.rythmos.datasolutions.TS_01_DataSolutions@3fee9989]" name="afterMethod" is-config="true" duration-ms="0" started-at="2017-09-29T15:30:11Z" finished-at="2017-09-29T15:30:11Z">
          <reporter-output>
          </reporter-output>
        </test-method> <!-- afterMethod -->
        <test-method status="PASS" signature="beforeMethod()[pri:0, instance:selenium.framework.rythmos.datasolutions.TS_01_DataSolutions@3fee9989]" name="beforeMethod" is-config="true" duration-ms="1" started-at="2017-09-29T15:30:11Z" finished-at="2017-09-29T15:30:11Z">
          <reporter-output>
          </reporter-output>
        </test-method> <!-- beforeMethod -->
        <test-method status="PASS" signature="validateH5OfAnalytics()[pri:0, instance:selenium.framework.rythmos.datasolutions.TS_01_DataSolutions@3fee9989]" name="validateH5OfAnalytics" duration-ms="2727" started-at="2017-09-29T15:30:11Z" finished-at="2017-09-29T15:30:13Z">
          <reporter-output>
            <line>
              <![CDATA[<span style='color: darkblue;font-size: 14px;'><b>Executing Test Case : validateH5OfAnalytics</b><br></span>]]>
            </line>
            <line>
              <![CDATA[<span style='color: green;font-size: 14px;'><br>Expected [ 23px ] : Actual [ 23px ]<br></span>]]>
            </line>
            <line>
              <![CDATA[<a href="./target/surefire-reports/html/Reports/Screenshot/1506679211171.png">ScreenShot<br/></a>]]>
            </line>
            <line>
              <![CDATA[<span style='color: green;font-size: 14px;'><br>Expected [ 26px ] : Actual [ 26px ]<br></span>]]>
            </line>
            <line>
              <![CDATA[<a href="./target/surefire-reports/html/Reports/Screenshot/1506679211705.png">ScreenShot<br/></a>]]>
            </line>
            <line>
              <![CDATA[<span style='color: green;font-size: 14px;'><br>Expected [ rgba(240, 90, 40, 1) ] : Actual [ rgba(240, 90, 40, 1) ]<br></span>]]>
            </line>
            <line>
              <![CDATA[<a href="./target/surefire-reports/html/Reports/Screenshot/1506679212246.png">ScreenShot<br/></a>]]>
            </line>
            <line>
              <![CDATA[<span style='color: green;font-size: 14px;'><br>Expected [ Lato, sans-serif ] : Actual [ Lato, sans-serif ]<br></span>]]>
            </line>
            <line>
              <![CDATA[<a href="./target/surefire-reports/html/Reports/Screenshot/1506679212793.png">ScreenShot<br/></a>]]>
            </line>
            <line>
              <![CDATA[<span style='color: green;font-size: 14px;'><br>Expected [ 300 ] : Actual [ 300 ]<br></span>]]>
            </line>
            <line>
              <![CDATA[<a href="./target/surefire-reports/html/Reports/Screenshot/1506679213327.png">ScreenShot<br/></a>]]>
            </line>
          </reporter-output>
        </test-method> <!-- validateH5OfAnalytics -->
        <test-method status="PASS" signature="beforeMethod()[pri:0, instance:selenium.framework.rythmos.datasolutions.TS_01_DataSolutions@3fee9989]" name="beforeMethod" is-config="true" duration-ms="0" started-at="2017-09-29T15:30:13Z" finished-at="2017-09-29T15:30:13Z">
          <reporter-output>
          </reporter-output>
        </test-method> <!-- beforeMethod -->
        <test-method status="PASS" signature="validateH5OfCloud()[pri:0, instance:selenium.framework.rythmos.datasolutions.TS_01_DataSolutions@3fee9989]" name="validateH5OfCloud" duration-ms="2766" started-at="2017-09-29T15:30:13Z" finished-at="2017-09-29T15:30:16Z">
          <reporter-output>
            <line>
              <![CDATA[<span style='color: darkblue;font-size: 14px;'><b>Executing Test Case : validateH5OfCloud</b><br></span>]]>
            </line>
            <line>
              <![CDATA[<span style='color: green;font-size: 14px;'><br>Expected [ 23px ] : Actual [ 23px ]<br></span>]]>
            </line>
            <line>
              <![CDATA[<a href="./target/surefire-reports/html/Reports/Screenshot/1506679213903.png">ScreenShot<br/></a>]]>
            </line>
            <line>
              <![CDATA[<span style='color: green;font-size: 14px;'><br>Expected [ 26px ] : Actual [ 26px ]<br></span>]]>
            </line>
            <line>
              <![CDATA[<a href="./target/surefire-reports/html/Reports/Screenshot/1506679214442.png">ScreenShot<br/></a>]]>
            </line>
            <line>
              <![CDATA[<span style='color: green;font-size: 14px;'><br>Expected [ rgba(240, 90, 40, 1) ] : Actual [ rgba(240, 90, 40, 1) ]<br></span>]]>
            </line>
            <line>
              <![CDATA[<a href="./target/surefire-reports/html/Reports/Screenshot/1506679214983.png">ScreenShot<br/></a>]]>
            </line>
            <line>
              <![CDATA[<span style='color: green;font-size: 14px;'><br>Expected [ Lato, sans-serif ] : Actual [ Lato, sans-serif ]<br></span>]]>
            </line>
            <line>
              <![CDATA[<a href="./target/surefire-reports/html/Reports/Screenshot/1506679215524.png">ScreenShot<br/></a>]]>
            </line>
            <line>
              <![CDATA[<span style='color: green;font-size: 14px;'><br>Expected [ 300 ] : Actual [ 300 ]<br></span>]]>
            </line>
            <line>
              <![CDATA[<a href="./target/surefire-reports/html/Reports/Screenshot/1506679216087.png">ScreenShot<br/></a>]]>
            </line>
          </reporter-output>
        </test-method> <!-- validateH5OfCloud -->
        <test-method status="PASS" signature="afterMethod()[pri:0, instance:selenium.framework.rythmos.datasolutions.TS_01_DataSolutions@3fee9989]" name="afterMethod" is-config="true" duration-ms="0" started-at="2017-09-29T15:30:13Z" finished-at="2017-09-29T15:30:13Z">
          <reporter-output>
          </reporter-output>
        </test-method> <!-- afterMethod -->
        <test-method status="PASS" signature="afterMethod()[pri:0, instance:selenium.framework.rythmos.datasolutions.TS_01_DataSolutions@3fee9989]" name="afterMethod" is-config="true" duration-ms="0" started-at="2017-09-29T15:30:16Z" finished-at="2017-09-29T15:30:16Z">
          <reporter-output>
          </reporter-output>
        </test-method> <!-- afterMethod -->
        <test-method status="PASS" signature="validateH5OfSupport()[pri:0, instance:selenium.framework.rythmos.datasolutions.TS_01_DataSolutions@3fee9989]" name="validateH5OfSupport" duration-ms="3294" started-at="2017-09-29T15:30:16Z" finished-at="2017-09-29T15:30:19Z">
          <reporter-output>
            <line>
              <![CDATA[<span style='color: darkblue;font-size: 14px;'><b>Executing Test Case : validateH5OfSupport</b><br></span>]]>
            </line>
            <line>
              <![CDATA[<span style='color: green;font-size: 14px;'><br>Expected [ 23px ] : Actual [ 23px ]<br></span>]]>
            </line>
            <line>
              <![CDATA[<a href="./target/surefire-reports/html/Reports/Screenshot/1506679216667.png">ScreenShot<br/></a>]]>
            </line>
            <line>
              <![CDATA[<span style='color: green;font-size: 14px;'><br>Expected [ 26px ] : Actual [ 26px ]<br></span>]]>
            </line>
            <line>
              <![CDATA[<a href="./target/surefire-reports/html/Reports/Screenshot/1506679217351.png">ScreenShot<br/></a>]]>
            </line>
            <line>
              <![CDATA[<span style='color: green;font-size: 14px;'><br>Expected [ rgba(240, 90, 40, 1) ] : Actual [ rgba(240, 90, 40, 1) ]<br></span>]]>
            </line>
            <line>
              <![CDATA[<a href="./target/surefire-reports/html/Reports/Screenshot/1506679218010.png">ScreenShot<br/></a>]]>
            </line>
            <line>
              <![CDATA[<span style='color: green;font-size: 14px;'><br>Expected [ Lato, sans-serif ] : Actual [ Lato, sans-serif ]<br></span>]]>
            </line>
            <line>
              <![CDATA[<a href="./target/surefire-reports/html/Reports/Screenshot/1506679218656.png">ScreenShot<br/></a>]]>
            </line>
            <line>
              <![CDATA[<span style='color: green;font-size: 14px;'><br>Expected [ 300 ] : Actual [ 300 ]<br></span>]]>
            </line>
            <line>
              <![CDATA[<a href="./target/surefire-reports/html/Reports/Screenshot/1506679219351.png">ScreenShot<br/></a>]]>
            </line>
          </reporter-output>
        </test-method> <!-- validateH5OfSupport -->
        <test-method status="PASS" signature="beforeMethod()[pri:0, instance:selenium.framework.rythmos.datasolutions.TS_01_DataSolutions@3fee9989]" name="beforeMethod" is-config="true" duration-ms="0" started-at="2017-09-29T15:30:16Z" finished-at="2017-09-29T15:30:16Z">
          <reporter-output>
          </reporter-output>
        </test-method> <!-- beforeMethod -->
        <test-method status="PASS" signature="afterMethod()[pri:0, instance:selenium.framework.rythmos.datasolutions.TS_01_DataSolutions@3fee9989]" name="afterMethod" is-config="true" duration-ms="1" started-at="2017-09-29T15:30:19Z" finished-at="2017-09-29T15:30:19Z">
          <reporter-output>
          </reporter-output>
        </test-method> <!-- afterMethod -->
        <test-method status="PASS" signature="beforeMethod()[pri:0, instance:selenium.framework.rythmos.datasolutions.TS_01_DataSolutions@3fee9989]" name="beforeMethod" is-config="true" duration-ms="0" started-at="2017-09-29T15:30:19Z" finished-at="2017-09-29T15:30:19Z">
          <reporter-output>
          </reporter-output>
        </test-method> <!-- beforeMethod -->
        <test-method status="PASS" signature="validateH54OfToolExpertise()[pri:0, instance:selenium.framework.rythmos.datasolutions.TS_01_DataSolutions@3fee9989]" name="validateH54OfToolExpertise" duration-ms="2919" started-at="2017-09-29T15:30:19Z" finished-at="2017-09-29T15:30:22Z">
          <reporter-output>
            <line>
              <![CDATA[<span style='color: darkblue;font-size: 14px;'><b>Executing Test Case : validateH54OfToolExpertise</b><br></span>]]>
            </line>
            <line>
              <![CDATA[<span style='color: green;font-size: 14px;'><br>Expected [ 25px ] : Actual [ 25px ]<br></span>]]>
            </line>
            <line>
              <![CDATA[<a href="./target/surefire-reports/html/Reports/Screenshot/1506679219963.png">ScreenShot<br/></a>]]>
            </line>
            <line>
              <![CDATA[<span style='color: green;font-size: 14px;'><br>Expected [ 35px ] : Actual [ 35px ]<br></span>]]>
            </line>
            <line>
              <![CDATA[<a href="./target/surefire-reports/html/Reports/Screenshot/1506679220616.png">ScreenShot<br/></a>]]>
            </line>
            <line>
              <![CDATA[<span style='color: green;font-size: 14px;'><br>Expected [ rgba(241, 89, 50, 1) ] : Actual [ rgba(241, 89, 50, 1) ]<br></span>]]>
            </line>
            <line>
              <![CDATA[<a href="./target/surefire-reports/html/Reports/Screenshot/1506679221213.png">ScreenShot<br/></a>]]>
            </line>
            <line>
              <![CDATA[<span style='color: green;font-size: 14px;'><br>Expected [ Lato, sans-serif ] : Actual [ Lato, sans-serif ]<br></span>]]>
            </line>
            <line>
              <![CDATA[<a href="./target/surefire-reports/html/Reports/Screenshot/1506679221766.png">ScreenShot<br/></a>]]>
            </line>
            <line>
              <![CDATA[<span style='color: green;font-size: 14px;'><br>Expected [ 300 ] : Actual [ 300 ]<br></span>]]>
            </line>
            <line>
              <![CDATA[<a href="./target/surefire-reports/html/Reports/Screenshot/1506679222309.png">ScreenShot<br/></a>]]>
            </line>
          </reporter-output>
        </test-method> <!-- validateH54OfToolExpertise -->
        <test-method status="PASS" signature="beforeMethod()[pri:0, instance:selenium.framework.rythmos.datasolutions.TS_01_DataSolutions@3fee9989]" name="beforeMethod" is-config="true" duration-ms="1" started-at="2017-09-29T15:30:22Z" finished-at="2017-09-29T15:30:22Z">
          <reporter-output>
          </reporter-output>
        </test-method> <!-- beforeMethod -->
        <test-method status="PASS" signature="afterMethod()[pri:0, instance:selenium.framework.rythmos.datasolutions.TS_01_DataSolutions@3fee9989]" name="afterMethod" is-config="true" duration-ms="0" started-at="2017-09-29T15:30:22Z" finished-at="2017-09-29T15:30:22Z">
          <reporter-output>
          </reporter-output>
        </test-method> <!-- afterMethod -->
        <test-method status="PASS" signature="validateIntroOfToolExpertise()[pri:0, instance:selenium.framework.rythmos.datasolutions.TS_01_DataSolutions@3fee9989]" name="validateIntroOfToolExpertise" duration-ms="2742" started-at="2017-09-29T15:30:22Z" finished-at="2017-09-29T15:30:25Z">
          <reporter-output>
            <line>
              <![CDATA[<span style='color: darkblue;font-size: 14px;'><b>Executing Test Case : validateIntroOfToolExpertise</b><br></span>]]>
            </line>
            <line>
              <![CDATA[<span style='color: green;font-size: 14px;'><br>Expected [ 20px ] : Actual [ 20px ]<br></span>]]>
            </line>
            <line>
              <![CDATA[<a href="./target/surefire-reports/html/Reports/Screenshot/1506679222881.png">ScreenShot<br/></a>]]>
            </line>
            <line>
              <![CDATA[<span style='color: green;font-size: 14px;'><br>Expected [ 23px ] : Actual [ 23px ]<br></span>]]>
            </line>
            <line>
              <![CDATA[<a href="./target/surefire-reports/html/Reports/Screenshot/1506679223439.png">ScreenShot<br/></a>]]>
            </line>
            <line>
              <![CDATA[<span style='color: green;font-size: 14px;'><br>Expected [ rgba(121, 121, 121, 1) ] : Actual [ rgba(121, 121, 121, 1) ]<br></span>]]>
            </line>
            <line>
              <![CDATA[<a href="./target/surefire-reports/html/Reports/Screenshot/1506679223987.png">ScreenShot<br/></a>]]>
            </line>
            <line>
              <![CDATA[<span style='color: green;font-size: 14px;'><br>Expected [ Lato, sans-serif ] : Actual [ Lato, sans-serif ]<br></span>]]>
            </line>
            <line>
              <![CDATA[<a href="./target/surefire-reports/html/Reports/Screenshot/1506679224526.png">ScreenShot<br/></a>]]>
            </line>
            <line>
              <![CDATA[<span style='color: green;font-size: 14px;'><br>Expected [ 300 ] : Actual [ 300 ]<br></span>]]>
            </line>
            <line>
              <![CDATA[<a href="./target/surefire-reports/html/Reports/Screenshot/1506679225061.png">ScreenShot<br/></a>]]>
            </line>
          </reporter-output>
        </test-method> <!-- validateIntroOfToolExpertise -->
        <test-method status="PASS" signature="validateGetHelpToday()[pri:0, instance:selenium.framework.rythmos.datasolutions.TS_01_DataSolutions@3fee9989]" name="validateGetHelpToday" duration-ms="2748" started-at="2017-09-29T15:30:25Z" finished-at="2017-09-29T15:30:28Z">
          <reporter-output>
            <line>
              <![CDATA[<span style='color: darkblue;font-size: 14px;'><b>Executing Test Case : validateGetHelpToday</b><br></span>]]>
            </line>
            <line>
              <![CDATA[<span style='color: green;font-size: 14px;'><br>Expected [ 29px ] : Actual [ 29px ]<br></span>]]>
            </line>
            <line>
              <![CDATA[<a href="./target/surefire-reports/html/Reports/Screenshot/1506679225627.png">ScreenShot<br/></a>]]>
            </line>
            <line>
              <![CDATA[<span style='color: green;font-size: 14px;'><br>Expected [ 23px ] : Actual [ 23px ]<br></span>]]>
            </line>
            <line>
              <![CDATA[<a href="./target/surefire-reports/html/Reports/Screenshot/1506679226179.png">ScreenShot<br/></a>]]>
            </line>
            <line>
              <![CDATA[<span style='color: green;font-size: 14px;'><br>Expected [ rgba(240, 90, 40, 1) ] : Actual [ rgba(240, 90, 40, 1) ]<br></span>]]>
            </line>
            <line>
              <![CDATA[<a href="./target/surefire-reports/html/Reports/Screenshot/1506679226724.png">ScreenShot<br/></a>]]>
            </line>
            <line>
              <![CDATA[<span style='color: green;font-size: 14px;'><br>Expected [ Lato, sans-serif ] : Actual [ Lato, sans-serif ]<br></span>]]>
            </line>
            <line>
              <![CDATA[<a href="./target/surefire-reports/html/Reports/Screenshot/1506679227259.png">ScreenShot<br/></a>]]>
            </line>
            <line>
              <![CDATA[<span style='color: green;font-size: 14px;'><br>Expected [ 300 ] : Actual [ 300 ]<br></span>]]>
            </line>
            <line>
              <![CDATA[<a href="./target/surefire-reports/html/Reports/Screenshot/1506679227800.png">ScreenShot<br/></a>]]>
            </line>
          </reporter-output>
        </test-method> <!-- validateGetHelpToday -->
        <test-method status="PASS" signature="beforeMethod()[pri:0, instance:selenium.framework.rythmos.datasolutions.TS_01_DataSolutions@3fee9989]" name="beforeMethod" is-config="true" duration-ms="0" started-at="2017-09-29T15:30:25Z" finished-at="2017-09-29T15:30:25Z">
          <reporter-output>
          </reporter-output>
        </test-method> <!-- beforeMethod -->
        <test-method status="PASS" signature="afterMethod()[pri:0, instance:selenium.framework.rythmos.datasolutions.TS_01_DataSolutions@3fee9989]" name="afterMethod" is-config="true" duration-ms="0" started-at="2017-09-29T15:30:25Z" finished-at="2017-09-29T15:30:25Z">
          <reporter-output>
          </reporter-output>
        </test-method> <!-- afterMethod -->
        <test-method status="PASS" signature="afterMethod()[pri:0, instance:selenium.framework.rythmos.datasolutions.TS_01_DataSolutions@3fee9989]" name="afterMethod" is-config="true" duration-ms="0" started-at="2017-09-29T15:30:28Z" finished-at="2017-09-29T15:30:28Z">
          <reporter-output>
          </reporter-output>
        </test-method> <!-- afterMethod -->
        <test-method status="PASS" signature="validateH3PlatFormExpertise()[pri:0, instance:selenium.framework.rythmos.datasolutions.TS_01_DataSolutions@3fee9989]" name="validateH3PlatFormExpertise" duration-ms="2749" started-at="2017-09-29T15:30:28Z" finished-at="2017-09-29T15:30:31Z">
          <reporter-output>
            <line>
              <![CDATA[<span style='color: darkblue;font-size: 14px;'><b>Executing Test Case : validateH3PlatFormExpertise</b><br></span>]]>
            </line>
            <line>
              <![CDATA[<span style='color: green;font-size: 14px;'><br>Expected [ 25px ] : Actual [ 25px ]<br></span>]]>
            </line>
            <line>
              <![CDATA[<a href="./target/surefire-reports/html/Reports/Screenshot/1506679228377.png">ScreenShot<br/></a>]]>
            </line>
            <line>
              <![CDATA[<span style='color: green;font-size: 14px;'><br>Expected [ 35px ] : Actual [ 35px ]<br></span>]]>
            </line>
            <line>
              <![CDATA[<a href="./target/surefire-reports/html/Reports/Screenshot/1506679228924.png">ScreenShot<br/></a>]]>
            </line>
            <line>
              <![CDATA[<span style='color: green;font-size: 14px;'><br>Expected [ rgba(241, 89, 50, 1) ] : Actual [ rgba(241, 89, 50, 1) ]<br></span>]]>
            </line>
            <line>
              <![CDATA[<a href="./target/surefire-reports/html/Reports/Screenshot/1506679229460.png">ScreenShot<br/></a>]]>
            </line>
            <line>
              <![CDATA[<span style='color: green;font-size: 14px;'><br>Expected [ Lato, sans-serif ] : Actual [ Lato, sans-serif ]<br></span>]]>
            </line>
            <line>
              <![CDATA[<a href="./target/surefire-reports/html/Reports/Screenshot/1506679230009.png">ScreenShot<br/></a>]]>
            </line>
            <line>
              <![CDATA[<span style='color: green;font-size: 14px;'><br>Expected [ 300 ] : Actual [ 300 ]<br></span>]]>
            </line>
            <line>
              <![CDATA[<a href="./target/surefire-reports/html/Reports/Screenshot/1506679230559.png">ScreenShot<br/></a>]]>
            </line>
          </reporter-output>
        </test-method> <!-- validateH3PlatFormExpertise -->
        <test-method status="PASS" signature="beforeMethod()[pri:0, instance:selenium.framework.rythmos.datasolutions.TS_01_DataSolutions@3fee9989]" name="beforeMethod" is-config="true" duration-ms="0" started-at="2017-09-29T15:30:28Z" finished-at="2017-09-29T15:30:28Z">
          <reporter-output>
          </reporter-output>
        </test-method> <!-- beforeMethod -->
        <test-method status="PASS" signature="afterMethod()[pri:0, instance:selenium.framework.rythmos.datasolutions.TS_01_DataSolutions@3fee9989]" name="afterMethod" is-config="true" duration-ms="0" started-at="2017-09-29T15:30:31Z" finished-at="2017-09-29T15:30:31Z">
          <reporter-output>
          </reporter-output>
        </test-method> <!-- afterMethod -->
        <test-method status="PASS" signature="beforeMethod()[pri:0, instance:selenium.framework.rythmos.datasolutions.TS_01_DataSolutions@3fee9989]" name="beforeMethod" is-config="true" duration-ms="1" started-at="2017-09-29T15:30:31Z" finished-at="2017-09-29T15:30:31Z">
          <reporter-output>
          </reporter-output>
        </test-method> <!-- beforeMethod -->
        <test-method status="FAIL" signature="validatePlatFormExpertise()[pri:0, instance:selenium.framework.rythmos.datasolutions.TS_01_DataSolutions@3fee9989]" name="validatePlatFormExpertise" duration-ms="1598" started-at="2017-09-29T15:30:31Z" finished-at="2017-09-29T15:30:32Z">
          <exception class="java.lang.AssertionError">
            <message>
              <![CDATA[Validating Data Solutions color Failed. expected [rgba(241, 90, 50, 1)] but found [rgba(255, 255, 255, 1)]]]>
            </message>
            <full-stacktrace>
              <![CDATA[java.lang.AssertionError: Validating Data Solutions color Failed. expected [rgba(241, 90, 50, 1)] but found [rgba(255, 255, 255, 1)]
	at org.testng.Assert.fail(Assert.java:94)
	at org.testng.Assert.failNotEquals(Assert.java:494)
	at org.testng.Assert.assertEquals(Assert.java:123)
	at org.testng.Assert.assertEquals(Assert.java:176)
	at selenium.framework.rythmos.datasolutions.TS_01_DataSolutions.validatePlatFormExpertise(TS_01_DataSolutions.java:499)
	at sun.reflect.NativeMethodAccessorImpl.invoke0(Native Method)
	at sun.reflect.NativeMethodAccessorImpl.invoke(NativeMethodAccessorImpl.java:62)
	at sun.reflect.DelegatingMethodAccessorImpl.invoke(DelegatingMethodAccessorImpl.java:43)
	at java.lang.reflect.Method.invoke(Method.java:497)
	at org.testng.internal.MethodInvocationHelper.invokeMethod(MethodInvocationHelper.java:84)
	at org.testng.internal.Invoker.invokeMethod(Invoker.java:714)
	at org.testng.internal.Invoker.invokeTestMethod(Invoker.java:901)
	at org.testng.internal.Invoker.invokeTestMethods(Invoker.java:1231)
	at org.testng.internal.TestMethodWorker.invokeTestMethods(TestMethodWorker.java:127)
	at org.testng.internal.TestMethodWorker.run(TestMethodWorker.java:111)
	at org.testng.TestRunner.privateRun(TestRunner.java:767)
	at org.testng.TestRunner.run(TestRunner.java:617)
	at org.testng.SuiteRunner.runTest(SuiteRunner.java:334)
	at org.testng.SuiteRunner.runSequentially(SuiteRunner.java:329)
	at org.testng.SuiteRunner.privateRun(SuiteRunner.java:291)
	at org.testng.SuiteRunner.run(SuiteRunner.java:240)
	at org.testng.SuiteRunnerWorker.runSuite(SuiteRunnerWorker.java:52)
	at org.testng.SuiteRunnerWorker.run(SuiteRunnerWorker.java:86)
	at org.testng.TestNG.runSuitesSequentially(TestNG.java:1224)
	at org.testng.TestNG.runSuitesLocally(TestNG.java:1149)
	at org.testng.TestNG.run(TestNG.java:1057)
	at org.testng.remote.AbstractRemoteTestNG.run(AbstractRemoteTestNG.java:126)
	at org.testng.remote.RemoteTestNG.initAndRun(RemoteTestNG.java:75)
	at org.testng.remote.RemoteTestNG.main(RemoteTestNG.java:46)
]]>
            </full-stacktrace>
          </exception> <!-- java.lang.AssertionError -->
          <reporter-output>
            <line>
              <![CDATA[<span style='color: darkblue;font-size: 14px;'><b>Executing Test Case : validatePlatFormExpertise</b><br></span>]]>
            </line>
            <line>
              <![CDATA[<span style='color: green;font-size: 14px;'><br>Expected [ 14px ] : Actual [ 14px ]<br></span>]]>
            </line>
            <line>
              <![CDATA[<a href="./target/surefire-reports/html/Reports/Screenshot/1506679231128.png">ScreenShot<br/></a>]]>
            </line>
            <line>
              <![CDATA[<span style='color: green;font-size: 14px;'><br>Expected [ 23px ] : Actual [ 23px ]<br></span>]]>
            </line>
            <line>
              <![CDATA[<a href="./target/surefire-reports/html/Reports/Screenshot/1506679231660.png">ScreenShot<br/></a>]]>
            </line>
            <line>
              <![CDATA[<span style='color: red;font-size: 14px;'><b>TEST FAILED<br></span>]]>
            </line>
            <line>
              <![CDATA[<a href="./target/surefire-reports/html/Reports/Screenshot/1506679232201.png">ScreenShot<br/>]]>
            </line>
          </reporter-output>
        </test-method> <!-- validatePlatFormExpertise -->
        <test-method status="PASS" signature="afterClass()[pri:0, instance:selenium.framework.rythmos.datasolutions.TS_01_DataSolutions@3fee9989]" name="afterClass" is-config="true" duration-ms="1210" started-at="2017-09-29T15:30:32Z" finished-at="2017-09-29T15:30:33Z">
          <reporter-output>
          </reporter-output>
        </test-method> <!-- afterClass -->
        <test-method status="PASS" signature="afterMethod()[pri:0, instance:selenium.framework.rythmos.datasolutions.TS_01_DataSolutions@3fee9989]" name="afterMethod" is-config="true" duration-ms="0" started-at="2017-09-29T15:30:32Z" finished-at="2017-09-29T15:30:32Z">
          <reporter-output>
          </reporter-output>
        </test-method> <!-- afterMethod -->
      </class> <!-- selenium.framework.rythmos.datasolutions.TS_01_DataSolutions -->
    </test> <!-- Default test -->
  </suite> <!-- Default suite -->
</testng-results>
